DEBUG:2025-09-10 15:00:58,347:GlobalLogger:Logger Initialized
DEBUG:2025-09-10 15:00:58,837:ConsoleStitchProcess:run:args:{'input_folder': 'C:/Users/abdoh/Downloads/Compressed/4_JPG', 'split_height': 14000, 'output_type': '.jpg', 'custom_width': 800, 'detection_type': 'pixel', 'detection_senstivity': 90, 'lossy_quality': 95, 'ignorable_pixels': 5, 'scan_line_step': 5}
DEBUG:2025-09-10 15:00:58,837:GlobalLogger:select_detector:args:detection_type='pixel'
DEBUG:2025-09-10 15:00:58,838:DirectoryExplorer:get_main_directory:args:'C:/Users/abdoh/Downloads/Compressed/4_JPG'
DEBUG:2025-09-10 15:00:58,838:DirectoryExplorer:explore_directories:args:'input_path=C:\Users\abdoh\Downloads\Compressed\4_JPG, output_path:C:\Users\abdoh\Downloads\Compressed\4_JPG [stitched], postprocess_path=C:\Users\abdoh\Downloads\Compressed\4_JPG [processed]'
DEBUG:2025-09-10 15:00:58,839:ImageHandler:load:args:'input_path=C:\Users\abdoh\Downloads\Compressed\4_JPG, input_files:1, output_path:C:\Users\abdoh\Downloads\Compressed\4_JPG [stitched]\., postprocess_path=C:\Users\abdoh\Downloads\Compressed\4_JPG [processed]\.'
DEBUG:2025-09-10 15:00:58,922:ImageManipulator:resize:args:[<PIL.JpegImagePlugin.JpegImageFile image mode=RGB size=800x13237 at 0x17C0BA286E0>], <WIDTH_ENFORCEMENT.MANUAL: 2>, 800
DEBUG:2025-09-10 15:00:58,922:ImageManipulator:combine:args:[<PIL.JpegImagePlugin.JpegImageFile image mode=RGB size=800x13237 at 0x17C0BA286E0>]
DEBUG:2025-09-10 15:00:59,300:PixelComparisonDetector:run:args:<PIL.Image.Image image mode=RGB size=800x13237 at 0x17C0B763D90>, 14000, sensitivity=90, ignorable_pixels=5, scan_step=5
DEBUG:2025-09-10 15:00:59,406:ImageManipulator:slice:args:<PIL.Image.Image image mode=RGB size=800x13237 at 0x17C0B763D90>, [0, 13236]
DEBUG:2025-09-10 15:00:59,479:ImageHandler:save:args:'input_path=C:\Users\abdoh\Downloads\Compressed\4_JPG, input_files:1, output_path:C:\Users\abdoh\Downloads\Compressed\4_JPG [stitched]\., postprocess_path=C:\Users\abdoh\Downloads\Compressed\4_JPG [processed]\.', <PIL.Image.Image image mode=RGB size=800x13236 at 0x17C0BA3A190>, 1, img_format='.jpg', quality=95
DEBUG:2025-09-10 15:01:22,408:GlobalLogger:Logger Initialized
DEBUG:2025-09-10 15:01:22,703:ConsoleStitchProcess:run:args:{'input_folder': 'C:/Users/abdoh/Downloads/Compressed/4_JPG', 'split_height': 14000, 'output_type': '.webp', 'custom_width': 800, 'detection_type': 'pixel', 'detection_senstivity': 90, 'lossy_quality': 95, 'ignorable_pixels': 5, 'scan_line_step': 5}
DEBUG:2025-09-10 15:01:22,703:GlobalLogger:select_detector:args:detection_type='pixel'
DEBUG:2025-09-10 15:01:22,704:DirectoryExplorer:get_main_directory:args:'C:/Users/abdoh/Downloads/Compressed/4_JPG'
DEBUG:2025-09-10 15:01:22,704:DirectoryExplorer:explore_directories:args:'input_path=C:\Users\abdoh\Downloads\Compressed\4_JPG, output_path:C:\Users\abdoh\Downloads\Compressed\4_JPG [stitched], postprocess_path=C:\Users\abdoh\Downloads\Compressed\4_JPG [processed]'
DEBUG:2025-09-10 15:01:22,705:ImageHandler:load:args:'input_path=C:\Users\abdoh\Downloads\Compressed\4_JPG, input_files:1, output_path:C:\Users\abdoh\Downloads\Compressed\4_JPG [stitched]\., postprocess_path=C:\Users\abdoh\Downloads\Compressed\4_JPG [processed]\.'
DEBUG:2025-09-10 15:01:22,748:ImageManipulator:resize:args:[<PIL.JpegImagePlugin.JpegImageFile image mode=RGB size=800x13237 at 0x16DDD32C6E0>], <WIDTH_ENFORCEMENT.MANUAL: 2>, 800
DEBUG:2025-09-10 15:01:22,749:ImageManipulator:combine:args:[<PIL.JpegImagePlugin.JpegImageFile image mode=RGB size=800x13237 at 0x16DDD32C6E0>]
DEBUG:2025-09-10 15:01:22,916:PixelComparisonDetector:run:args:<PIL.Image.Image image mode=RGB size=800x13237 at 0x16DDD263D90>, 14000, sensitivity=90, ignorable_pixels=5, scan_step=5
DEBUG:2025-09-10 15:01:23,071:ImageManipulator:slice:args:<PIL.Image.Image image mode=RGB size=800x13237 at 0x16DDD263D90>, [0, 13236]
DEBUG:2025-09-10 15:01:23,214:ImageHandler:save:args:'input_path=C:\Users\abdoh\Downloads\Compressed\4_JPG, input_files:1, output_path:C:\Users\abdoh\Downloads\Compressed\4_JPG [stitched]\., postprocess_path=C:\Users\abdoh\Downloads\Compressed\4_JPG [processed]\.', <PIL.Image.Image image mode=RGB size=800x13236 at 0x16DDD33A060>, 1, img_format='.webp', quality=95
DEBUG:2025-09-10 15:07:33,675:GlobalLogger:Logger Initialized
DEBUG:2025-09-10 15:07:34,148:ConsoleStitchProcess:run:args:{'input_folder': 'C:/Users/abdoh/Downloads/Compressed/4', 'split_height': 14000, 'output_type': '.webp', 'custom_width': 800, 'detection_type': 'pixel', 'detection_senstivity': 90, 'lossy_quality': 95, 'ignorable_pixels': 5, 'scan_line_step': 5}
DEBUG:2025-09-10 15:07:34,148:GlobalLogger:select_detector:args:detection_type='pixel'
DEBUG:2025-09-10 15:07:34,149:DirectoryExplorer:get_main_directory:args:'C:/Users/abdoh/Downloads/Compressed/4'
DEBUG:2025-09-10 15:07:34,149:DirectoryExplorer:explore_directories:args:'input_path=C:\Users\abdoh\Downloads\Compressed\4, output_path:C:\Users\abdoh\Downloads\Compressed\4 [stitched], postprocess_path=C:\Users\abdoh\Downloads\Compressed\4 [processed]'
DEBUG:2025-09-10 15:07:34,151:ImageHandler:load:args:'input_path=C:\Users\abdoh\Downloads\Compressed\4, input_files:1, output_path:C:\Users\abdoh\Downloads\Compressed\4 [stitched]\., postprocess_path=C:\Users\abdoh\Downloads\Compressed\4 [processed]\.'
DEBUG:2025-09-10 15:07:34,152:read FileHeader(version=1, channels=3, height=13237, width=800, depth=8, color_mode=<ColorMode.RGB: 3>)
DEBUG:2025-09-10 15:07:34,152:reading color mode data, len=0
DEBUG:2025-09-10 15:07:34,153:reading image resources, len=70512
DEBUG:2025-09-10 15:07:34,156:Undefined PATH_INFO found: 2010
DEBUG:2025-09-10 15:07:34,156:Undefined PATH_INFO found: 2011
DEBUG:2025-09-10 15:07:34,156:Undefined PATH_INFO found: 2012
DEBUG:2025-09-10 15:07:34,156:Undefined PATH_INFO found: 2013
DEBUG:2025-09-10 15:07:34,156:Undefined PATH_INFO found: 2014
DEBUG:2025-09-10 15:07:34,157:Undefined PATH_INFO found: 2015
DEBUG:2025-09-10 15:07:34,158:reading layer and mask info, len=21366856, offset=70546
DEBUG:2025-09-10 15:07:34,158:reading layer info, len=21251904
DEBUG:2025-09-10 15:07:34,158:  read layer record, len=376
DEBUG:2025-09-10 15:07:34,158:  read layer record, len=398
DEBUG:2025-09-10 15:07:34,158:  read layer record, len=2146
DEBUG:2025-09-10 15:07:34,159:  read layer record, len=15926
DEBUG:2025-09-10 15:07:34,173:  read layer record, len=10258
DEBUG:2025-09-10 15:07:34,194:  read layer record, len=10142
DEBUG:2025-09-10 15:07:34,208:  read layer record, len=15926
DEBUG:2025-09-10 15:07:34,239:  read layer record, len=10258
DEBUG:2025-09-10 15:07:34,249:  read layer record, len=10142
DEBUG:2025-09-10 15:07:34,260:  read layer record, len=15926
DEBUG:2025-09-10 15:07:34,272:  read layer record, len=10258
DEBUG:2025-09-10 15:07:34,282:  read layer record, len=10142
DEBUG:2025-09-10 15:07:34,293:  read layer record, len=15926
DEBUG:2025-09-10 15:07:34,305:  read layer record, len=10258
DEBUG:2025-09-10 15:07:34,319:  read layer record, len=10142
DEBUG:2025-09-10 15:07:34,328:  read layer record, len=15926
DEBUG:2025-09-10 15:07:34,339:  read layer record, len=10258
DEBUG:2025-09-10 15:07:34,349:  read layer record, len=10142
DEBUG:2025-09-10 15:07:34,360:  read layer record, len=15926
DEBUG:2025-09-10 15:07:34,371:  read layer record, len=10258
DEBUG:2025-09-10 15:07:34,382:  read layer record, len=10142
DEBUG:2025-09-10 15:07:34,392:  read layer records, len=220878
DEBUG:2025-09-10 15:07:34,409:  read channel image data, len=21031023
DEBUG:2025-09-10 15:07:34,409:reading global layer mask info, len=0
DEBUG:2025-09-10 15:07:34,647:  read image data, len=635378
DEBUG:2025-09-10 15:07:34,648:ImageManipulator:resize:args:[None], <WIDTH_ENFORCEMENT.MANUAL: 2>, 800
ERROR:2025-09-10 15:07:34,648:Exception raised in resize. exception: 'NoneType' object has no attribute 'size'
Traceback (most recent call last):
  File "C:\Users\abdoh\Downloads\testScript\SmartStitch-3.1\core\services\global_logger.py", line 53, in wrapper
    result = func(*args, **kwargs)
  File "C:\Users\abdoh\Downloads\testScript\SmartStitch-3.1\core\services\image_manipulator.py", line 27, in resize
    if img.size[0] == new_img_width:
       ^^^^^^^^
AttributeError: 'NoneType' object has no attribute 'size'
ERROR:2025-09-10 15:07:34,650:Exception raised in run. exception: 'NoneType' object has no attribute 'size'
Traceback (most recent call last):
  File "C:\Users\abdoh\Downloads\testScript\SmartStitch-3.1\core\services\global_logger.py", line 53, in wrapper
    result = func(*args, **kwargs)
  File "C:\Users\abdoh\Downloads\testScript\SmartStitch-3.1\console\process.py", line 43, in run
    imgs = img_manipulator.resize(
        imgs, width_enforce_mode, kwargs.get('custom_width')
    )
  File "C:\Users\abdoh\Downloads\testScript\SmartStitch-3.1\core\services\global_logger.py", line 59, in wrapper
    raise e
  File "C:\Users\abdoh\Downloads\testScript\SmartStitch-3.1\core\services\global_logger.py", line 53, in wrapper
    result = func(*args, **kwargs)
  File "C:\Users\abdoh\Downloads\testScript\SmartStitch-3.1\core\services\image_manipulator.py", line 27, in resize
    if img.size[0] == new_img_width:
       ^^^^^^^^
AttributeError: 'NoneType' object has no attribute 'size'
DEBUG:2025-09-10 15:07:46,197:GlobalLogger:Logger Initialized
DEBUG:2025-09-10 15:07:46,609:ConsoleStitchProcess:run:args:{'input_folder': 'C:/Users/abdoh/Downloads/Compressed/4_JPG', 'split_height': 14000, 'output_type': '.webp', 'custom_width': 800, 'detection_type': 'pixel', 'detection_senstivity': 90, 'lossy_quality': 95, 'ignorable_pixels': 5, 'scan_line_step': 5}
DEBUG:2025-09-10 15:07:46,610:GlobalLogger:select_detector:args:detection_type='pixel'
DEBUG:2025-09-10 15:07:46,612:DirectoryExplorer:get_main_directory:args:'C:/Users/abdoh/Downloads/Compressed/4_JPG'
DEBUG:2025-09-10 15:07:46,613:DirectoryExplorer:explore_directories:args:'input_path=C:\Users\abdoh\Downloads\Compressed\4_JPG, output_path:C:\Users\abdoh\Downloads\Compressed\4_JPG [stitched], postprocess_path=C:\Users\abdoh\Downloads\Compressed\4_JPG [processed]'
ERROR:2025-09-10 15:07:46,613:Exception raised in explore_directories. exception: No valid work directories were found!
Traceback (most recent call last):
  File "C:\Users\abdoh\Downloads\testScript\SmartStitch-3.1\core\services\global_logger.py", line 53, in wrapper
    result = func(*args, **kwargs)
  File "C:\Users\abdoh\Downloads\testScript\SmartStitch-3.1\core\services\directory_explorer.py", line 47, in explore_directories
    raise DirectoryException('No valid work directories were found!')
core.utils.errors.DirectoryException: No valid work directories were found!
ERROR:2025-09-10 15:07:46,615:Exception raised in run. exception: No valid work directories were found!
Traceback (most recent call last):
  File "C:\Users\abdoh\Downloads\testScript\SmartStitch-3.1\core\services\global_logger.py", line 53, in wrapper
    result = func(*args, **kwargs)
  File "C:\Users\abdoh\Downloads\testScript\SmartStitch-3.1\console\process.py", line 27, in run
    input_dirs = explorer.run(input=kwargs.get("input_folder"))
  File "C:\Users\abdoh\Downloads\testScript\SmartStitch-3.1\core\services\directory_explorer.py", line 14, in run
    working_directories = self.explore_directories(main_directory)
  File "C:\Users\abdoh\Downloads\testScript\SmartStitch-3.1\core\services\global_logger.py", line 59, in wrapper
    raise e
  File "C:\Users\abdoh\Downloads\testScript\SmartStitch-3.1\core\services\global_logger.py", line 53, in wrapper
    result = func(*args, **kwargs)
  File "C:\Users\abdoh\Downloads\testScript\SmartStitch-3.1\core\services\directory_explorer.py", line 47, in explore_directories
    raise DirectoryException('No valid work directories were found!')
core.utils.errors.DirectoryException: No valid work directories were found!
DEBUG:2025-09-10 15:08:08,316:GlobalLogger:Logger Initialized
DEBUG:2025-09-10 15:08:08,620:ConsoleStitchProcess:run:args:{'input_folder': 'C:/Users/abdoh/Downloads/Compressed/4_JPG', 'split_height': 14000, 'output_type': '.webp', 'custom_width': 800, 'detection_type': 'pixel', 'detection_senstivity': 90, 'lossy_quality': 95, 'ignorable_pixels': 5, 'scan_line_step': 5}
DEBUG:2025-09-10 15:08:08,621:GlobalLogger:select_detector:args:detection_type='pixel'
DEBUG:2025-09-10 15:08:08,621:DirectoryExplorer:get_main_directory:args:'C:/Users/abdoh/Downloads/Compressed/4_JPG'
DEBUG:2025-09-10 15:08:08,621:DirectoryExplorer:explore_directories:args:'input_path=C:\Users\abdoh\Downloads\Compressed\4_JPG, output_path:C:\Users\abdoh\Downloads\Compressed\4_JPG [stitched], postprocess_path=C:\Users\abdoh\Downloads\Compressed\4_JPG [processed]'
DEBUG:2025-09-10 15:08:08,622:ImageHandler:load:args:'input_path=C:\Users\abdoh\Downloads\Compressed\4_JPG, input_files:1, output_path:C:\Users\abdoh\Downloads\Compressed\4_JPG [stitched]\., postprocess_path=C:\Users\abdoh\Downloads\Compressed\4_JPG [processed]\.'
DEBUG:2025-09-10 15:08:08,656:ImageManipulator:resize:args:[<PIL.JpegImagePlugin.JpegImageFile image mode=RGB size=800x13237 at 0x209BDA286E0>], <WIDTH_ENFORCEMENT.MANUAL: 2>, 800
DEBUG:2025-09-10 15:08:08,661:ImageManipulator:combine:args:[<PIL.JpegImagePlugin.JpegImageFile image mode=RGB size=800x13237 at 0x209BDA286E0>]
DEBUG:2025-09-10 15:08:08,824:PixelComparisonDetector:run:args:<PIL.Image.Image image mode=RGB size=800x13237 at 0x209BD763D90>, 14000, sensitivity=90, ignorable_pixels=5, scan_step=5
DEBUG:2025-09-10 15:08:08,903:ImageManipulator:slice:args:<PIL.Image.Image image mode=RGB size=800x13237 at 0x209BD763D90>, [0, 13236]
DEBUG:2025-09-10 15:08:08,981:ImageHandler:save:args:'input_path=C:\Users\abdoh\Downloads\Compressed\4_JPG, input_files:1, output_path:C:\Users\abdoh\Downloads\Compressed\4_JPG [stitched]\., postprocess_path=C:\Users\abdoh\Downloads\Compressed\4_JPG [processed]\.', <PIL.Image.Image image mode=RGB size=800x13236 at 0x209BDA3A060>, 1, img_format='.webp', quality=95
DEBUG:2025-09-10 15:13:48,677:GlobalLogger:Logger Initialized
DEBUG:2025-09-10 15:13:49,009:ConsoleStitchProcess:run:args:{'input_folder': 'C:/Users/abdoh/Downloads/Compressed/4_JPG', 'split_height': 14000, 'output_type': '.webp', 'custom_width': 800, 'detection_type': 'pixel', 'detection_senstivity': 90, 'lossy_quality': 95, 'ignorable_pixels': 5, 'scan_line_step': 5}
DEBUG:2025-09-10 15:13:49,009:GlobalLogger:select_detector:args:detection_type='pixel'
DEBUG:2025-09-10 15:13:49,010:DirectoryExplorer:get_main_directory:args:'C:/Users/abdoh/Downloads/Compressed/4_JPG'
DEBUG:2025-09-10 15:13:49,010:DirectoryExplorer:explore_directories:args:'input_path=C:\Users\abdoh\Downloads\Compressed\4_JPG, output_path:C:\Users\abdoh\Downloads\Compressed\4_JPG [stitched], postprocess_path=C:\Users\abdoh\Downloads\Compressed\4_JPG [processed]'
DEBUG:2025-09-10 15:13:49,011:ImageHandler:load:args:'input_path=C:\Users\abdoh\Downloads\Compressed\4_JPG, input_files:1, output_path:C:\Users\abdoh\Downloads\Compressed\4_JPG [stitched]\., postprocess_path=C:\Users\abdoh\Downloads\Compressed\4_JPG [processed]\.'
DEBUG:2025-09-10 15:13:49,102:ImageManipulator:resize:args:[<PIL.JpegImagePlugin.JpegImageFile image mode=RGB size=800x13237 at 0x22445B2C6E0>], <WIDTH_ENFORCEMENT.MANUAL: 2>, 800
DEBUG:2025-09-10 15:13:49,104:ImageManipulator:combine:args:[<PIL.JpegImagePlugin.JpegImageFile image mode=RGB size=800x13237 at 0x22445B2C6E0>]
DEBUG:2025-09-10 15:13:49,331:PixelComparisonDetector:run:args:<PIL.Image.Image image mode=RGB size=800x13237 at 0x22445A63D90>, 14000, sensitivity=90, ignorable_pixels=5, scan_step=5
DEBUG:2025-09-10 15:13:49,411:ImageManipulator:slice:args:<PIL.Image.Image image mode=RGB size=800x13237 at 0x22445A63D90>, [0, 13236]
DEBUG:2025-09-10 15:13:49,458:ImageHandler:save:args:'input_path=C:\Users\abdoh\Downloads\Compressed\4_JPG, input_files:1, output_path:C:\Users\abdoh\Downloads\Compressed\4_JPG [stitched]\., postprocess_path=C:\Users\abdoh\Downloads\Compressed\4_JPG [processed]\.', <PIL.Image.Image image mode=RGB size=800x13236 at 0x22445B3A060>, 1, img_format='.webp', quality=95
