2025-10-10 16:42:09,077 [WARNING] ⚠️ Using EasyOCR.
2025-10-10 16:42:09,077 [WARNING] Using CPU. Note: This module is much faster with a GPU.
2025-10-10 16:42:11,597 [WARNING] Using CPU. Note: This module is much faster with a GPU.
2025-10-10 16:42:14,219 [INFO] 🔍 Found 13 images in C:\Users\abdoh\Downloads\seren_fr_if_idont
2025-10-10 16:42:30,078 [INFO] ✅ 01.jpg: 11 valid bubbles found.
2025-10-10 16:42:35,544 [INFO] ✅ 02.jpg: 6 valid bubbles found.
2025-10-10 16:42:46,916 [INFO] ✅ 03.jpg: 9 valid bubbles found.
2025-10-10 16:43:01,091 [INFO] ✅ 04.jpg: 14 valid bubbles found.
2025-10-10 16:43:15,258 [INFO] ✅ 05.jpg: 10 valid bubbles found.
2025-10-10 16:43:23,591 [INFO] ✅ 06.jpg: 8 valid bubbles found.
2025-10-10 16:43:28,415 [INFO] ✅ 07.jpg: 4 valid bubbles found.
2025-10-10 16:43:38,867 [INFO] ✅ 08.jpg: 11 valid bubbles found.
2025-10-10 16:43:51,338 [INFO] ✅ 09.jpg: 13 valid bubbles found.
2025-10-10 16:43:56,872 [INFO] ✅ 10.jpg: 6 valid bubbles found.
2025-10-10 16:44:05,849 [INFO] ✅ 11.jpg: 9 valid bubbles found.
2025-10-10 16:44:17,393 [INFO] ✅ 12.jpg: 12 valid bubbles found.
2025-10-10 16:44:24,477 [INFO] ✅ 13.jpg: 8 valid bubbles found.
2025-10-10 16:44:24,481 [INFO] 💾 Saved all bubble data to: C:\Users\abdoh\Downloads\seren_fr_if_idont\cleaned\all_bubbles.json
2025-10-10 16:44:24,481 [INFO] 🚀 Launching Photoshop for text writing...
2025-10-10 16:44:24,665 [ERROR] ❌ Failed to run Photoshop JSX: Command '"C:\Program Files\Adobe\Adobe Photoshop CC 2019\Photoshop.exe" -r "C:\Users\abdoh\Downloads\testScript\scripts\script.jsx"' returned non-zero exit status 1.
2025-10-10 16:44:24,665 [INFO] === 🏁 Finished detector script ===
