2025-10-10 16:23:14,551 [WARNING] ⚠️ Using EasyOCR.
2025-10-10 16:23:14,551 [WARNING] Using CPU. Note: This module is much faster with a GPU.
2025-10-10 16:23:17,023 [WARNING] Using CPU. Note: This module is much faster with a GPU.
2025-10-10 16:23:19,382 [INFO] 🔍 Found 12 images in C:\Users\abdoh\Downloads\23
2025-10-10 16:23:23,820 [INFO] ✅ 01.jpg: 5 valid bubbles found.
2025-10-10 16:23:29,562 [INFO] ✅ 02.jpg: 5 valid bubbles found.
2025-10-10 16:23:40,382 [INFO] ✅ 03.jpg: 10 valid bubbles found.
2025-10-10 16:23:52,066 [INFO] ✅ 04.jpg: 8 valid bubbles found.
2025-10-10 16:24:04,966 [INFO] ✅ 05.jpg: 10 valid bubbles found.
2025-10-10 16:24:16,814 [INFO] ✅ 06.jpg: 10 valid bubbles found.
2025-10-10 16:24:31,070 [INFO] ✅ 07.jpg: 11 valid bubbles found.
2025-10-10 16:24:47,481 [INFO] ✅ 08.jpg: 16 valid bubbles found.
2025-10-10 16:25:08,733 [INFO] ✅ 09.jpg: 17 valid bubbles found.
2025-10-10 16:25:19,166 [INFO] ✅ 10.jpg: 7 valid bubbles found.
2025-10-10 16:25:32,924 [INFO] ✅ 11.jpg: 10 valid bubbles found.
2025-10-10 16:25:37,501 [INFO] ✅ 12.jpg: 3 valid bubbles found.
2025-10-10 16:25:37,504 [INFO] 💾 Saved all bubble data to: C:\Users\abdoh\Downloads\23\cleaned\all_bubbles.json
2025-10-10 16:25:37,504 [INFO] 🚀 Launching Photoshop for text writing...
2025-10-10 16:25:37,719 [ERROR] ❌ Failed to run Photoshop JSX: Command '"C:\Program Files\Adobe\Adobe Photoshop CC 2019\Photoshop.exe" -r "C:\Users\abdoh\Downloads\testScript\scripts\script.jsx"' returned non-zero exit status 1.
2025-10-10 16:25:37,720 [INFO] === 🏁 Finished detector script ===
