2025-10-08 06:47:59,139 [WARNING] ⚠️ Using EasyOCR.
2025-10-08 06:47:59,140 [WARNING] Using CPU. Note: This module is much faster with a GPU.
2025-10-08 06:48:01,568 [WARNING] Using CPU. Note: This module is much faster with a GPU.
2025-10-08 06:48:03,984 [INFO] 🔍 Found 18 images in C:\Users\abdoh\Downloads\38_ken_swordMan
2025-10-08 06:48:24,288 [INFO] ✅ Copy of 01.jpg: 7 valid bubbles found.
2025-10-08 06:48:38,879 [INFO] ✅ Copy of 02.jpg: 4 valid bubbles found.
2025-10-08 06:48:53,812 [INFO] ✅ Copy of 03.jpg: 7 valid bubbles found.
2025-10-08 06:49:04,176 [INFO] ✅ Copy of 04.jpg: 5 valid bubbles found.
2025-10-08 06:49:19,129 [INFO] ✅ Copy of 05.jpg: 6 valid bubbles found.
2025-10-08 06:49:37,989 [INFO] ✅ Copy of 06.jpg: 11 valid bubbles found.
2025-10-08 06:49:49,805 [INFO] ✅ Copy of 07.jpg: 5 valid bubbles found.
2025-10-08 06:50:00,346 [INFO] ✅ Copy of 08.jpg: 6 valid bubbles found.
2025-10-08 06:50:16,490 [INFO] ✅ Copy of 09.jpg: 9 valid bubbles found.
2025-10-08 06:50:22,114 [INFO] ✅ Copy of 10.jpg: 2 valid bubbles found.
2025-10-08 06:50:36,390 [INFO] ✅ Copy of 11.jpg: 8 valid bubbles found.
2025-10-08 06:50:47,071 [INFO] ✅ Copy of 12.jpg: 6 valid bubbles found.
2025-10-08 06:50:58,219 [INFO] ✅ Copy of 13.jpg: 5 valid bubbles found.
2025-10-08 06:51:17,489 [INFO] ✅ Copy of 14.jpg: 10 valid bubbles found.
2025-10-08 06:51:36,204 [INFO] ✅ Copy of 15.jpg: 11 valid bubbles found.
2025-10-08 06:51:53,548 [INFO] ✅ Copy of 16.jpg: 12 valid bubbles found.
2025-10-08 06:52:06,609 [INFO] ✅ Copy of 17.jpg: 8 valid bubbles found.
2025-10-08 06:52:19,181 [INFO] ✅ Copy of 18.jpg: 6 valid bubbles found.
2025-10-08 06:52:19,187 [INFO] 💾 Saved all bubble data to: C:\Users\abdoh\Downloads\38_ken_swordMan\cleaned\all_bubbles.json
2025-10-08 06:52:19,187 [INFO] 🚀 Launching Photoshop for text writing...
2025-10-08 06:52:19,412 [ERROR] ❌ Failed to run Photoshop JSX: Command '"C:\Program Files\Adobe\Adobe Photoshop CC 2019\Photoshop.exe" -r "C:\Users\abdoh\Downloads\testScript\scripts\script.jsx"' returned non-zero exit status 1.
2025-10-08 06:52:19,413 [INFO] === 🏁 Finished detector script ===
