2025-10-16 17:56:14,600 [WARNING] ⚠️ Using EasyOCR.
2025-10-16 17:56:14,601 [WARNING] Using CPU. Note: This module is much faster with a GPU.
2025-10-16 17:56:17,442 [WARNING] Using CPU. Note: This module is much faster with a GPU.
2025-10-16 17:56:19,995 [INFO] 🔍 Found 13 images in C:\Users\abdoh\Downloads\07_rezo - Copy
2025-10-16 17:56:42,609 [INFO] ✅ 01.jpg: 6 valid bubbles found. (Total boxes before validation: 6)
2025-10-16 17:57:50,555 [INFO] ✅ 02.jpg: 19 valid bubbles found. (Total boxes before validation: 19)
2025-10-16 17:58:34,769 [INFO] ✅ 03.jpg: 16 valid bubbles found. (Total boxes before validation: 16)
2025-10-16 17:59:08,233 [INFO] ✅ 04.jpg: 11 valid bubbles found. (Total boxes before validation: 11)
2025-10-16 17:59:28,750 [INFO] ✅ 05.jpg: 9 valid bubbles found. (Total boxes before validation: 9)
2025-10-16 17:59:57,331 [INFO] ✅ 06.jpg: 11 valid bubbles found. (Total boxes before validation: 11)
2025-10-16 18:00:14,134 [INFO] ✅ 07.jpg: 8 valid bubbles found. (Total boxes before validation: 8)
2025-10-16 18:00:25,525 [INFO] ✅ 08.jpg: 4 valid bubbles found. (Total boxes before validation: 4)
2025-10-16 18:01:02,505 [INFO] ✅ 09.jpg: 14 valid bubbles found. (Total boxes before validation: 14)
2025-10-16 18:01:24,745 [INFO] ✅ 10.jpg: 10 valid bubbles found. (Total boxes before validation: 10)
2025-10-16 18:01:44,867 [INFO] ✅ 11.jpg: 10 valid bubbles found. (Total boxes before validation: 10)
2025-10-16 18:02:03,309 [INFO] ✅ 12.jpg: 9 valid bubbles found. (Total boxes before validation: 9)
2025-10-16 18:02:10,364 [INFO] ✅ 13.jpg: 2 valid bubbles found. (Total boxes before validation: 2)
2025-10-16 18:02:10,451 [INFO] 💾 Saved all bubble data to: C:\Users\abdoh\Downloads\07_rezo - Copy\all_bubbles.json
2025-10-16 18:02:10,451 [INFO] 🧠 ai_clean=True → Running Python cleaner script...
2025-10-16 18:02:35,323 [INFO] ✅ Python cleaner executed successfully.
2025-10-16 18:02:35,323 [INFO] === 🏁 Finished detector script ===
