2025-10-12 16:30:11,397 [WARNING] ⚠️ Using EasyOCR.
2025-10-12 16:30:11,398 [WARNING] Using CPU. Note: This module is much faster with a GPU.
2025-10-12 16:30:16,279 [WARNING] Using CPU. Note: This module is much faster with a GPU.
2025-10-12 16:30:18,748 [INFO] 🔍 Found 13 images in C:\Users\abdoh\Downloads\131_rezo_gacha
2025-10-12 16:30:35,908 [INFO] ✅ 01.jpg: 6 valid bubbles found.
2025-10-12 16:30:47,876 [INFO] ✅ 02.jpg: 7 valid bubbles found.
2025-10-12 16:31:02,187 [INFO] ✅ 03.jpg: 8 valid bubbles found.
2025-10-12 16:31:20,531 [INFO] ✅ 04.jpg: 12 valid bubbles found.
2025-10-12 16:31:30,594 [INFO] ✅ 05.jpg: 6 valid bubbles found.
2025-10-12 16:31:40,722 [INFO] ✅ 06.jpg: 8 valid bubbles found.
2025-10-12 16:31:55,984 [INFO] ✅ 07.jpg: 12 valid bubbles found.
2025-10-12 16:32:10,149 [INFO] ✅ 08.jpg: 9 valid bubbles found.
2025-10-12 16:32:28,047 [INFO] ✅ 09.jpg: 13 valid bubbles found.
2025-10-12 16:32:49,164 [INFO] ✅ 10.jpg: 13 valid bubbles found.
2025-10-12 16:33:01,319 [INFO] ✅ 11.jpg: 8 valid bubbles found.
2025-10-12 16:33:05,747 [INFO] ✅ 12.jpg: 4 valid bubbles found.
2025-10-12 16:33:10,706 [INFO] ✅ 13.jpg: 2 valid bubbles found.
2025-10-12 16:33:10,710 [INFO] 💾 Saved all bubble data to: C:\Users\abdoh\Downloads\131_rezo_gacha\cleaned\all_bubbles.json
2025-10-12 16:33:10,710 [INFO] 🚀 Launching Photoshop for text writing...
2025-10-12 16:33:10,710 [INFO] ✅ Photoshop script executed successfully.
2025-10-12 16:33:10,710 [INFO] === 🏁 Finished detector script ===
