2025-10-06 20:43:55,573 [WARNING] ⚠️ Using EasyOCR.
2025-10-06 20:43:55,574 [WARNING] Using CPU. Note: This module is much faster with a GPU.
2025-10-06 20:43:58,002 [WARNING] Using CPU. Note: This module is much faster with a GPU.
2025-10-06 20:44:00,343 [INFO] 🔍 Found 13 images in C:\Users\abdoh\Downloads\52_REZO_BOOLM
2025-10-06 20:44:19,895 [INFO] ✅ 01.jpg: 8 valid bubbles found.
2025-10-06 20:44:35,812 [INFO] ✅ 02.jpg: 8 valid bubbles found.
2025-10-06 20:44:50,690 [INFO] ✅ 03.jpg: 9 valid bubbles found.
2025-10-06 20:45:03,989 [INFO] ✅ 04.jpg: 7 valid bubbles found.
2025-10-06 20:45:13,282 [INFO] ✅ 05.jpg: 6 valid bubbles found.
2025-10-06 20:45:30,552 [INFO] ✅ 06.jpg: 8 valid bubbles found.
2025-10-06 20:45:54,090 [INFO] ✅ 07.jpg: 12 valid bubbles found.
2025-10-06 20:46:10,239 [INFO] ✅ 08.jpg: 9 valid bubbles found.
2025-10-06 20:46:21,313 [INFO] ✅ 09.jpg: 7 valid bubbles found.
2025-10-06 20:46:41,171 [INFO] ✅ 10.jpg: 11 valid bubbles found.
2025-10-06 20:46:57,436 [INFO] ✅ 11.jpg: 12 valid bubbles found.
2025-10-06 20:47:09,817 [INFO] ✅ 12.jpg: 7 valid bubbles found.
2025-10-06 20:47:11,682 [INFO] ✅ 13.jpg: 1 valid bubbles found.
2025-10-06 20:47:11,686 [INFO] 💾 Saved all bubble data to: C:\Users\abdoh\Downloads\52_REZO_BOOLM\cleaned\all_bubbles.json
2025-10-06 20:47:11,686 [INFO] 🚀 Launching Photoshop for text writing...
2025-10-06 20:47:11,967 [ERROR] ❌ Failed to run Photoshop JSX: Command '"C:\Program Files\Adobe\Adobe Photoshop CC 2019\Photoshop.exe" -r "C:\Users\abdoh\Downloads\testScript\scripts\script.jsx"' returned non-zero exit status 1.
2025-10-06 20:47:11,968 [INFO] === 🏁 Finished detector script ===
