2025-10-08 08:30:21,015 [WARNING] ⚠️ Using EasyOCR.
2025-10-08 08:30:21,016 [WARNING] Using CPU. Note: This module is much faster with a GPU.
2025-10-08 08:30:23,339 [WARNING] Using CPU. Note: This module is much faster with a GPU.
2025-10-08 08:30:25,679 [INFO] 🔍 Found 18 images in C:\Users\abdoh\Downloads\38_ken_swordMan - Copy
2025-10-08 08:30:39,891 [INFO] ✅ 01.jpg: 7 valid bubbles found.
2025-10-08 08:30:45,810 [INFO] ✅ 02.jpg: 3 valid bubbles found.
2025-10-08 08:30:56,229 [INFO] ✅ 03.jpg: 7 valid bubbles found.
2025-10-08 08:31:04,551 [INFO] ✅ 04.jpg: 3 valid bubbles found.
2025-10-08 08:31:17,180 [INFO] ✅ 05.jpg: 5 valid bubbles found.
2025-10-08 08:31:34,016 [INFO] ✅ 06.jpg: 10 valid bubbles found.
2025-10-08 08:31:44,297 [INFO] ✅ 07.jpg: 4 valid bubbles found.
2025-10-08 08:31:51,610 [INFO] ✅ 08.jpg: 4 valid bubbles found.
2025-10-08 08:32:05,798 [INFO] ✅ 09.jpg: 8 valid bubbles found.
2025-10-08 08:32:10,657 [INFO] ✅ 10.jpg: 2 valid bubbles found.
2025-10-08 08:32:23,852 [INFO] ✅ 11.jpg: 8 valid bubbles found.
2025-10-08 08:32:33,327 [INFO] ✅ 12.jpg: 6 valid bubbles found.
2025-10-08 08:32:42,058 [INFO] ✅ 13.jpg: 5 valid bubbles found.
2025-10-08 08:32:58,067 [INFO] ✅ 14.jpg: 9 valid bubbles found.
2025-10-08 08:33:15,653 [INFO] ✅ 15.jpg: 9 valid bubbles found.
2025-10-08 08:33:34,149 [INFO] ✅ 16.jpg: 11 valid bubbles found.
2025-10-08 08:33:46,627 [INFO] ✅ 17.jpg: 7 valid bubbles found.
2025-10-08 08:33:58,124 [INFO] ✅ 18.jpg: 5 valid bubbles found.
2025-10-08 08:33:58,129 [INFO] 💾 Saved all bubble data to: C:\Users\abdoh\Downloads\38_ken_swordMan - Copy\cleaned\all_bubbles.json
2025-10-08 08:33:58,129 [INFO] 🚀 Launching Photoshop for text writing...
2025-10-08 08:33:58,401 [ERROR] ❌ Failed to run Photoshop JSX: Command '"C:\Program Files\Adobe\Adobe Photoshop CC 2019\Photoshop.exe" -r "C:\Users\abdoh\Downloads\testScript\scripts\script.jsx"' returned non-zero exit status 1.
2025-10-08 08:33:58,402 [INFO] === 🏁 Finished detector script ===
