2025-10-10 16:18:34,144 [WARNING] ⚠️ Using EasyOCR.
2025-10-10 16:18:34,145 [WARNING] Using CPU. Note: This module is much faster with a GPU.
2025-10-10 16:18:36,611 [WARNING] Using CPU. Note: This module is much faster with a GPU.
2025-10-10 16:18:38,948 [INFO] 🔍 Found 12 images in C:\Users\abdoh\Downloads\23
2025-10-10 16:18:43,397 [INFO] ✅ 01.jpg: 5 valid bubbles found.
2025-10-10 16:18:48,754 [INFO] ✅ 02.jpg: 5 valid bubbles found.
2025-10-10 16:18:58,425 [INFO] ✅ 03.jpg: 10 valid bubbles found.
2025-10-10 16:19:08,497 [INFO] ✅ 04.jpg: 8 valid bubbles found.
2025-10-10 16:19:19,256 [INFO] ✅ 05.jpg: 10 valid bubbles found.
2025-10-10 16:19:28,952 [INFO] ✅ 06.jpg: 10 valid bubbles found.
2025-10-10 16:19:41,207 [INFO] ✅ 07.jpg: 11 valid bubbles found.
2025-10-10 16:19:55,697 [INFO] ✅ 08.jpg: 16 valid bubbles found.
2025-10-10 16:20:13,800 [INFO] ✅ 09.jpg: 17 valid bubbles found.
2025-10-10 16:20:23,155 [INFO] ✅ 10.jpg: 7 valid bubbles found.
2025-10-10 16:20:36,503 [INFO] ✅ 11.jpg: 10 valid bubbles found.
2025-10-10 16:20:40,333 [INFO] ✅ 12.jpg: 3 valid bubbles found.
2025-10-10 16:20:40,338 [INFO] 💾 Saved all bubble data to: C:\Users\abdoh\Downloads\23\cleaned\all_bubbles.json
2025-10-10 16:20:40,338 [INFO] 🚀 Launching Photoshop for text writing...
2025-10-10 16:20:40,534 [ERROR] ❌ Failed to run Photoshop JSX: Command '"C:\Program Files\Adobe\Adobe Photoshop CC 2019\Photoshop.exe" -r "C:\Users\abdoh\Downloads\testScript\scripts\script.jsx"' returned non-zero exit status 1.
2025-10-10 16:20:40,535 [INFO] === 🏁 Finished detector script ===
