2025-10-12 09:40:07,665 [WARNING] ⚠️ Using EasyOCR.
2025-10-12 09:40:07,666 [WARNING] Using CPU. Note: This module is much faster with a GPU.
2025-10-12 09:40:10,443 [WARNING] Using CPU. Note: This module is much faster with a GPU.
2025-10-12 09:40:13,133 [INFO] 🔍 Found 12 images in C:\Users\abdoh\Downloads\71_do_u_need
2025-10-12 09:40:32,846 [INFO] ✅ 01.jpg: 13 valid bubbles found.
2025-10-12 09:40:58,107 [INFO] ✅ 02.jpg: 15 valid bubbles found.
2025-10-12 09:41:19,751 [INFO] ✅ 03.jpg: 13 valid bubbles found.
2025-10-12 09:42:17,168 [INFO] ✅ 04.jpg: 18 valid bubbles found.
2025-10-12 09:42:38,807 [INFO] ✅ 05.jpg: 10 valid bubbles found.
2025-10-12 09:43:07,603 [INFO] ✅ 06.jpg: 15 valid bubbles found.
2025-10-12 09:43:30,211 [INFO] ✅ 07.jpg: 15 valid bubbles found.
2025-10-12 09:43:49,549 [INFO] ✅ 08.jpg: 14 valid bubbles found.
2025-10-12 09:44:17,122 [INFO] ✅ 09.jpg: 17 valid bubbles found.
2025-10-12 09:44:34,617 [INFO] ✅ 10.jpg: 11 valid bubbles found.
2025-10-12 09:44:49,856 [INFO] ✅ 11.jpg: 12 valid bubbles found.
2025-10-12 09:44:53,882 [INFO] ✅ 12.jpg: 3 valid bubbles found.
2025-10-12 09:44:53,895 [INFO] 💾 Saved all bubble data to: C:\Users\abdoh\Downloads\71_do_u_need\cleaned\all_bubbles.json
2025-10-12 09:44:53,895 [INFO] 🚀 Launching Photoshop for text writing...
2025-10-12 09:44:53,897 [INFO] ✅ Photoshop script executed successfully.
2025-10-12 09:44:53,897 [INFO] === 🏁 Finished detector script ===
