2025-10-06 18:56:33,081 [WARNING] ⚠️ Using EasyOCR.
2025-10-06 18:56:33,083 [WARNING] Using CPU. Note: This module is much faster with a GPU.
2025-10-06 18:56:35,656 [WARNING] Using CPU. Note: This module is much faster with a GPU.
2025-10-06 18:56:37,896 [INFO] 🔍 Found 12 images in C:\Users\abdoh\Downloads\47_rezo_revi
2025-10-06 18:56:57,145 [INFO] ✅ 01.jpg: 13 valid bubbles found.
2025-10-06 18:57:12,005 [INFO] ✅ 02.jpg: 9 valid bubbles found.
2025-10-06 18:57:27,559 [INFO] ✅ 03.jpg: 10 valid bubbles found.
2025-10-06 18:57:45,120 [INFO] ✅ 04.jpg: 10 valid bubbles found.
2025-10-06 18:57:56,026 [INFO] ✅ 05.jpg: 5 valid bubbles found.
2025-10-06 18:58:17,821 [INFO] ✅ 06.jpg: 14 valid bubbles found.
2025-10-06 18:58:33,402 [INFO] ✅ 07.jpg: 9 valid bubbles found.
2025-10-06 18:58:46,903 [INFO] ✅ 08.jpg: 8 valid bubbles found.
2025-10-06 18:59:00,965 [INFO] ✅ 09.jpg: 9 valid bubbles found.
2025-10-06 18:59:10,163 [INFO] ✅ 10.jpg: 5 valid bubbles found.
2025-10-06 18:59:29,281 [INFO] ✅ 11.jpg: 10 valid bubbles found.
2025-10-06 18:59:42,270 [INFO] ✅ 12.jpg: 9 valid bubbles found.
2025-10-06 18:59:42,274 [INFO] 💾 Saved all bubble data to: C:\Users\abdoh\Downloads\47_rezo_revi\cleaned\all_bubbles.json
2025-10-06 18:59:42,274 [INFO] 🚀 Launching Photoshop for text writing...
2025-10-06 18:59:42,472 [ERROR] ❌ Failed to run Photoshop JSX: Command '"C:\Program Files\Adobe\Adobe Photoshop CC 2019\Photoshop.exe" -r "C:\Users\abdoh\Downloads\testScript\scripts\script.jsx"' returned non-zero exit status 1.
2025-10-06 18:59:42,472 [INFO] === 🏁 Finished detector script ===
