2025-10-08 15:10:43,067 [WARNING] ⚠️ Using EasyOCR.
2025-10-08 15:10:43,069 [WARNING] Using CPU. Note: This module is much faster with a GPU.
2025-10-08 15:10:45,928 [WARNING] Using CPU. Note: This module is much faster with a GPU.
2025-10-08 15:10:48,587 [INFO] 🔍 Found 12 images in C:\Users\abdoh\Downloads\10_rezo_reborn
2025-10-08 15:11:09,406 [INFO] ✅ 01.jpg: 11 valid bubbles found.
2025-10-08 15:11:35,160 [INFO] ✅ 02.jpg: 15 valid bubbles found.
2025-10-08 15:11:50,568 [INFO] ✅ 03.jpg: 12 valid bubbles found.
2025-10-08 15:12:08,007 [INFO] ✅ 04.jpg: 14 valid bubbles found.
2025-10-08 15:12:29,446 [INFO] ✅ 05.jpg: 16 valid bubbles found.
2025-10-08 15:12:46,057 [INFO] ✅ 06.jpg: 14 valid bubbles found.
2025-10-08 15:13:09,315 [INFO] ✅ 07.jpg: 14 valid bubbles found.
2025-10-08 15:13:34,139 [INFO] ✅ 08.jpg: 16 valid bubbles found.
2025-10-08 15:13:52,560 [INFO] ✅ 09.jpg: 16 valid bubbles found.
2025-10-08 15:14:11,756 [INFO] ✅ 10.jpg: 13 valid bubbles found.
2025-10-08 15:14:23,035 [INFO] ✅ 11.jpg: 9 valid bubbles found.
2025-10-08 15:14:26,571 [INFO] ✅ 12.jpg: 2 valid bubbles found.
2025-10-08 15:14:26,576 [INFO] 💾 Saved all bubble data to: C:\Users\abdoh\Downloads\10_rezo_reborn\cleaned\all_bubbles.json
2025-10-08 15:14:26,576 [INFO] 🚀 Launching Photoshop for text writing...
2025-10-08 15:14:26,882 [ERROR] ❌ Failed to run Photoshop JSX: Command '"C:\Program Files\Adobe\Adobe Photoshop CC 2019\Photoshop.exe" -r "C:\Users\abdoh\Downloads\testScript\scripts\script.jsx"' returned non-zero exit status 1.
2025-10-08 15:14:26,882 [INFO] === 🏁 Finished detector script ===
