2025-10-08 17:58:33,110 - INFO - Start
2025-10-08 17:58:33,110 - ERROR - Config not found: C:\Users\abdoh\Downloads\testScript\python\config\temp-title.json
2025-10-08 17:59:41,880 - INFO - Start
2025-10-08 17:59:41,892 - INFO - Local folder detected
2025-10-08 17:59:41,893 - INFO - Preparing Panel Cleaner for: C:\Users\abdoh\Downloads\10_rezo_reborn - Copy
2025-10-08 17:59:41,893 - INFO - Target folder: C:\Users\abdoh\Downloads\10_rezo_reborn - Copy
2025-10-08 17:59:41,899 - INFO - Running pcleaner per-file (this is slower but shows which file fails)
2025-10-08 17:59:41,900 - INFO - Running command: pcleaner clean C:\Users\abdoh\Downloads\10_rezo_reborn - Copy\01.jpg --output_dir C:\Users\abdoh\Downloads\10_rezo_reborn - Copy\cleaned --profile inpaint_profile --debug
2025-10-08 17:59:49,856 - DEBUG - C:\Users\abdoh\AppData\Local\Packages\PythonSoftwareFoundation.Python.3.13_qbz5n2kfra8p0\LocalCache\local-packages\Python313\site-packages\pcleaner\comic_text_detector\utils\yolov5_utils.py:6: UserWarning: pkg_resources is deprecated as an API. See https://setuptools.pypa.io/en/latest/pkg_resources.html. The pkg_resources package is slated for removal as early as 2025-11-30. Refrain from using this package or pin to Setuptools<81.
2025-10-08 17:59:49,856 - DEBUG -   import pkg_resources as pkg
2025-10-08 17:59:50,027 - DEBUG - 2025-10-08 17:59:50.027 | DEBUG    | pcleaner.main:main:171 - {'--both': False,
2025-10-08 17:59:50,027 - DEBUG -  '--cache-masks': False,
2025-10-08 17:59:50,028 - DEBUG -  '--cpu': False,
2025-10-08 17:59:50,028 - DEBUG -  '--csv': False,
2025-10-08 17:59:50,028 - DEBUG -  '--cuda': False,
2025-10-08 17:59:50,028 - DEBUG -  '--debug': True,
2025-10-08 17:59:50,028 - DEBUG -  '--extract-text': False,
2025-10-08 17:59:50,028 - DEBUG -  '--force': False,
2025-10-08 17:59:50,028 - DEBUG -  '--help': False,
2025-10-08 17:59:50,029 - DEBUG -  '--hide-analytics': False,
2025-10-08 17:59:50,029 - DEBUG -  '--keep-cache': False,
2025-10-08 17:59:50,029 - DEBUG -  '--notify': False,
2025-10-08 17:59:50,029 - DEBUG -  '--output-path': None,
2025-10-08 17:59:50,029 - DEBUG -  '--output_dir': 'C:\\Users\\abdoh\\Downloads\\10_rezo_reborn - Copy\\cleaned',
2025-10-08 17:59:50,029 - DEBUG -  '--profile': 'inpaint_profile',
2025-10-08 17:59:50,029 - DEBUG -  '--save-only-cleaned': False,
2025-10-08 17:59:50,029 - DEBUG -  '--save-only-mask': False,
2025-10-08 17:59:50,030 - DEBUG -  '--save-only-text': False,
2025-10-08 17:59:50,030 - DEBUG -  '--separate-inpaint-mask': False,
2025-10-08 17:59:50,030 - DEBUG -  '--separate-noise-mask': False,
2025-10-08 17:59:50,030 - DEBUG -  '--skip-denoising': False,
2025-10-08 17:59:50,030 - DEBUG -  '--skip-inpainting': False,
2025-10-08 17:59:50,030 - DEBUG -  '--skip-masking': False,
2025-10-08 17:59:50,030 - DEBUG -  '--skip-pre-processing': False,
2025-10-08 17:59:50,031 - DEBUG -  '--skip-text-detection': False,
2025-10-08 17:59:50,031 - DEBUG -  '--version': False,
2025-10-08 17:59:50,031 - DEBUG -  '<image_path>': ['C:\\Users\\abdoh\\Downloads\\10_rezo_reborn - Copy\\01.jpg'],
2025-10-08 17:59:50,031 - DEBUG -  '<profile_name>': None,
2025-10-08 17:59:50,031 - DEBUG -  '<profile_path>': None,
2025-10-08 17:59:50,031 - DEBUG -  'add': False,
2025-10-08 17:59:50,031 - DEBUG -  'all': False,
2025-10-08 17:59:50,031 - DEBUG -  'cache': False,
2025-10-08 17:59:50,031 - DEBUG -  'clean': True,
2025-10-08 17:59:50,032 - DEBUG -  'cleaner': False,
2025-10-08 17:59:50,032 - DEBUG -  'clear': False,
2025-10-08 17:59:50,032 - DEBUG -  'config': False,
2025-10-08 17:59:50,032 - DEBUG -  'delete': False,
2025-10-08 17:59:50,032 - DEBUG -  'gui': False,
2025-10-08 17:59:50,032 - DEBUG -  'languages': False,
2025-10-08 17:59:50,032 - DEBUG -  'list': False,
2025-10-08 17:59:50,032 - DEBUG -  'load': False,
2025-10-08 17:59:50,033 - DEBUG -  'models': False,
2025-10-08 17:59:50,033 - DEBUG -  'new': False,
2025-10-08 17:59:50,033 - DEBUG -  'ocr': False,
2025-10-08 17:59:50,033 - DEBUG -  'open': False,
2025-10-08 17:59:50,033 - DEBUG -  'profile': False,
2025-10-08 17:59:50,033 - DEBUG -  'purge-missing': False,
2025-10-08 17:59:50,033 - DEBUG -  'repair': False,
2025-10-08 17:59:50,033 - DEBUG -  'set-default': False,
2025-10-08 17:59:50,033 - DEBUG -  'show': False}
2025-10-08 17:59:50,034 - DEBUG - 2025-10-08 17:59:50.033 | INFO     | pcleaner.cli_utils:dump_system_info:246 -
2025-10-08 17:59:50,034 - DEBUG - ---- Starting up ----
2025-10-08 17:59:50,492 - DEBUG - 2025-10-08 17:59:50.492 | INFO     | pcleaner.cli_utils:dump_system_info:292 -
2025-10-08 17:59:50,493 - DEBUG - - Program Information -
2025-10-08 17:59:50,493 - DEBUG - Program: Panel Cleaner 2.11.9
2025-10-08 17:59:50,493 - DEBUG - Executing from: C:\Users\abdoh\AppData\Local\Packages\PythonSoftwareFoundation.Python.3.13_qbz5n2kfra8p0\LocalCache\local-packages\Python313\site-packages\pcleaner\main.py
2025-10-08 17:59:50,493 - DEBUG - Log file: C:\Users\abdoh\AppData\Roaming\pcleaner\cache\pcleaner.log
2025-10-08 17:59:50,493 - DEBUG - Config file: C:\Users\abdoh\AppData\Roaming\pcleaner\pcleanerconfig.ini
2025-10-08 17:59:50,493 - DEBUG - Cache directory: C:\Users\abdoh\AppData\Roaming\pcleaner\cache
2025-10-08 17:59:50,494 - DEBUG - - System Information -
2025-10-08 17:59:50,494 - DEBUG - Operating System: Windows 11
2025-10-08 17:59:50,494 - DEBUG - Python Version: 3.13.7 (tags/v3.13.7:bcee1c3, Aug 14 2025, 14:15:11) [MSC v.1944 64 bit (AMD64)]
2025-10-08 17:59:50,494 - DEBUG - Architecture: AMD64
2025-10-08 17:59:50,494 - DEBUG - CPU Cores: 4
2025-10-08 17:59:50,494 - DEBUG - Memory: 15.88 GiB
2025-10-08 17:59:50,494 - DEBUG - Swap: 10.98 GiB
2025-10-08 17:59:50,495 - DEBUG - GPU: None (CUDA not available)
2025-10-08 17:59:50,495 - DEBUG - 
2025-10-08 17:59:51,055 - DEBUG - 2025-10-08 17:59:51.052 | DEBUG    | pcleaner.config:load_profile:1361 - Loading profile 'inpaint_profile'...
2025-10-08 17:59:51,066 - DEBUG - 2025-10-08 17:59:51.058 | DEBUG    | pcleaner.config:load_profile:1375 - Loading profile inpaint_profile from C:\Users\abdoh\AppData\Local\Packages\PythonSoftwareFoundation.Python.3.13_qbz5n2kfra8p0\LocalCache\Roaming\pcleaner\profiles\inpaint_profile.conf
2025-10-08 17:59:51,066 - DEBUG - 2025-10-08 17:59:51.058 | INFO     | pcleaner.config:load:1007 - Loading profile C:\Users\abdoh\AppData\Local\Packages\PythonSoftwareFoundation.Python.3.13_qbz5n2kfra8p0\LocalCache\Roaming\pcleaner\profiles\inpaint_profile.conf from disk...
2025-10-08 17:59:51,080 - DEBUG - --- Logging error in Loguru Handler #1 ---
2025-10-08 17:59:51,080 - DEBUG - Record was: {'elapsed': datetime.timedelta(seconds=6, microseconds=539921), 'exception': None, 'extra': {}, 'file': (name='main.py', path='C:\\Users\\abdoh\\AppData\\Local\\Packages\\PythonSoftwareFoundation.Python.3.13_qbz5n2kfra8p0\\LocalCache\\local-packages\\Python313\\site-packages\\pcleaner\\main.py'), 'function': 'main', 'level': (name='DEBUG', no=10, icon='\U0001f41e'), 'line': 256, 'message': "Config(locale=None, current_profile=Profile(general=GeneralConfig(notes='', preferred_file_type=None, preferred_mask_file_type='.png', layered_export='none', input_height_lower_target=1000, input_height_upper_target=4000, split_long_strips=True, preferred_split_height=2000, split_tolerance_margin=500, long_strip_aspect_ratio=0.33, merge_after_split=True, max_threads_export=0), text_detector=TextDetectorConfig(model_path=None, concurrent_models=1), preprocessor=PreprocessorConfig(box_min_size=400, suspicious_box_min_size=40000, box_overlap_threshold=20.0, ocr_enabled=True, ocr_use_tesseract=False, ocr_language='detect_box', ocr_engine='auto', reading_order='auto', ocr_max_size=3000, ocr_blacklist_pattern='[\uff5e\uff0e\u30fc\uff01\uff1f\uff10-\uff19~.!?0-9-]*', ocr_strict_language=False, box_padding_initial=2, box_right_padding_initial=3, box_padding_extended=5, box_right_padding_extended=5, box_reference_padding=20), masker=MaskerConfig(max_threads=0, mask_growth_step_pixels=2, mask_growth_steps=11, min_mask_thickness=4, allow_colored_masks=True, off_white_max_threshold=240, mask_max_standard_deviation=15.0, mask_improvement_threshold=0.1, mask_selection_fast=False, debug_mask_color=(108, 30, 240, 127)), denoiser=DenoiserConfig(denoising_enabled=True, max_threads=0, noise_min_standard_deviation=0.25, noise_outline_size=5, noise_fade_radius=1, colored_images=False, filter_strength=10, color_filter_strength=10, template_window_size=7, search_window_size=21), inpainter=InpainterConfig(inpainting_enabled=False, inpainting_min_std_dev=15.0, inpainting_max_mask_radius=6, min_inpainting_radius=7, max_inpainting_radius=20, inpainting_radius_multiplier=0.2, inpainting_isolation_radius=5, inpainting_fade_radius=4)), default_profile=None, saved_profiles={'no_merge': WindowsPath('C:/Users/abdoh/AppData/Local/Packages/PythonSoftwareFoundation.Python.3.13_qbz5n2kfra8p0/LocalCache/Roaming/pcleaner/profiles/no_merge.conf'), 'inpaint_profile': WindowsPath('C:/Users/abdoh/AppData/Local/Packages/PythonSoftwareFoundation.Python.3.13_qbz5n2kfra8p0/LocalCache/Roaming/pcleaner/profiles/inpaint_profile.conf')}, profile_editor=None, cache_dir=None, default_torch_model_path=None, default_cv2_model_path=WindowsPath('C:/Users/abdoh/AppData/Roaming/pcleaner/cache/model/comictextdetector.pt.onnx'), gui_theme=None, show_oom_warnings=True, pa_remember_action=False, pa_wait_time=5, pa_shutdown_command=None, pa_cancel_on_error=True, pa_last_action=None, pa_custom_commands={})", 'module': 'main', 'name': 'pcleaner.main', 'process': (id=21088, name='MainProcess'), 'thread': (id=5748, name='MainThread'), 'time': datetime(2025, 10, 8, 17, 59, 51, 76528, tzinfo=datetime.timezone(datetime.timedelta(seconds=10800), 'Jordan Standard Time'))}
2025-10-08 17:59:51,110 - DEBUG - Traceback (most recent call last):
2025-10-08 17:59:51,112 - DEBUG -   File "C:\Users\abdoh\AppData\Local\Packages\PythonSoftwareFoundation.Python.3.13_qbz5n2kfra8p0\LocalCache\local-packages\Python313\site-packages\loguru\_handler.py", line 206, in emit
2025-10-08 17:59:51,113 - DEBUG -     self._sink.write(str_record)
2025-10-08 17:59:51,113 - DEBUG -     ~~~~~~~~~~~~~~~~^^^^^^^^^^^^
2025-10-08 17:59:51,113 - DEBUG -   File "C:\Users\abdoh\AppData\Local\Packages\PythonSoftwareFoundation.Python.3.13_qbz5n2kfra8p0\LocalCache\local-packages\Python313\site-packages\loguru\_simple_sinks.py", line 16, in write
2025-10-08 17:59:51,113 - DEBUG -     self._stream.write(message)
2025-10-08 17:59:51,114 - DEBUG -     ~~~~~~~~~~~~~~~~~~^^^^^^^^^
2025-10-08 17:59:51,114 - DEBUG -   File "C:\Program Files\WindowsApps\PythonSoftwareFoundation.Python.3.13_3.13.2032.0_x64__qbz5n2kfra8p0\Lib\encodings\cp1252.py", line 19, in encode
2025-10-08 17:59:51,114 - DEBUG -     return codecs.charmap_encode(input,self.errors,encoding_table)[0]
2025-10-08 17:59:51,114 - DEBUG -            ~~~~~~~~~~~~~~~~~~~~~^^^^^^^^^^^^^^^^^^^^^^^^^^^^^^^^^^
2025-10-08 17:59:51,114 - DEBUG - UnicodeEncodeError: 'charmap' codec can't encode characters in position 777-782: character maps to <undefined>
2025-10-08 17:59:51,114 - DEBUG - --- End of logging error ---
2025-10-08 17:59:51,122 - DEBUG - 2025-10-08 17:59:51.122 | DEBUG    | pcleaner.main:run_cleaner:376 - Inpainting is disabled in the config, skipping inpainting step.
2025-10-08 17:59:51,124 - DEBUG - 2025-10-08 17:59:51.123 | DEBUG    | pcleaner.main:run_cleaner:391 - Cache directory: C:\Users\abdoh\AppData\Roaming\pcleaner\cache\cleaner
2025-10-08 17:59:51,124 - DEBUG - Found 1 image.
2025-10-08 17:59:51,125 - DEBUG - 2025-10-08 17:59:51.124 | DEBUG    | pcleaner.main:run_cleaner:414 - Image paths:
2025-10-08 17:59:51,125 - DEBUG - C:\Users\abdoh\Downloads\10_rezo_reborn - Copy\01.jpg
2025-10-08 17:59:52,298 - DEBUG - Running text detection AI model...
2025-10-08 17:59:52,298 - DEBUG - Using device for text detection model: cpu
2025-10-08 17:59:52,302 - DEBUG - Using 1 processes for text detection.
2025-10-08 17:59:52,302 - DEBUG - 
2025-10-08 17:59:57,969 - DEBUG -   0%|          | 0/8 [00:00<?, ?it/s]
2025-10-08 17:59:57,969 - DEBUG - [91m===================================
2025-10-08 17:59:57,970 - DEBUG - Warning: RAM usage has reached 92%.
2025-10-08 17:59:57,970 - DEBUG - ===================================[0m
2025-10-08 17:59:57,970 - DEBUG - 
2025-10-08 17:59:57,970 - DEBUG - 2025-10-08 17:59:57.969 | DEBUG    | pcleaner.ctd_interface:process_image:179 - Saving json file to C:\Users\abdoh\AppData\Roaming\pcleaner\cache\cleaner\7a6b2dba-6568-4c91-be92-20f9f4e3747b_01_split_1#raw.json
2025-10-08 17:59:57,975 - DEBUG - 
2025-10-08 18:00:03,291 - DEBUG -  12%|#2        | 1/8 [00:05<00:39,  5.68s/it]
2025-10-08 18:00:03,291 - DEBUG - [91m===================================
2025-10-08 18:00:03,292 - DEBUG - Warning: RAM usage has reached 91%.
2025-10-08 18:00:03,292 - DEBUG - ===================================[0m
2025-10-08 18:00:03,292 - DEBUG - 
2025-10-08 18:00:03,292 - DEBUG - 2025-10-08 18:00:03.291 | DEBUG    | pcleaner.ctd_interface:process_image:179 - Saving json file to C:\Users\abdoh\AppData\Roaming\pcleaner\cache\cleaner\3fb8eaf3-8636-4603-b6b6-1f1d2fa15cba_01_split_2#raw.json
2025-10-08 18:00:03,297 - DEBUG - 
2025-10-08 18:00:08,226 - DEBUG -  25%|##5       | 2/8 [00:10<00:32,  5.47s/it]
2025-10-08 18:00:08,226 - DEBUG - [91m===================================
2025-10-08 18:00:08,226 - DEBUG - Warning: RAM usage has reached 90%.
2025-10-08 18:00:08,226 - DEBUG - ===================================[0m
2025-10-08 18:00:08,227 - DEBUG - 
2025-10-08 18:00:08,227 - DEBUG - 2025-10-08 18:00:08.226 | DEBUG    | pcleaner.ctd_interface:process_image:179 - Saving json file to C:\Users\abdoh\AppData\Roaming\pcleaner\cache\cleaner\d7e3b08c-a283-4d0b-ab23-3938688c3c5c_01_split_3#raw.json
2025-10-08 18:00:08,234 - DEBUG - 
2025-10-08 18:00:13,204 - DEBUG -  38%|###7      | 3/8 [00:15<00:26,  5.23s/it]2025-10-08 18:00:13.204 | DEBUG    | pcleaner.ctd_interface:process_image:179 - Saving json file to C:\Users\abdoh\AppData\Roaming\pcleaner\cache\cleaner\76c50ebc-f660-4e44-bb7c-26eb34f4dd2e_01_split_4#raw.json
2025-10-08 18:00:13,217 - DEBUG - 
2025-10-08 18:00:18,136 - DEBUG -  50%|#####     | 4/8 [00:20<00:20,  5.13s/it]2025-10-08 18:00:18.135 | DEBUG    | pcleaner.ctd_interface:process_image:179 - Saving json file to C:\Users\abdoh\AppData\Roaming\pcleaner\cache\cleaner\c5f0b5a5-5c55-4fa4-87fb-8648d79442c8_01_split_5#raw.json
2025-10-08 18:00:18,142 - DEBUG - 
2025-10-08 18:00:22,980 - DEBUG -  62%|######2   | 5/8 [00:25<00:15,  5.06s/it]2025-10-08 18:00:22.980 | DEBUG    | pcleaner.ctd_interface:process_image:179 - Saving json file to C:\Users\abdoh\AppData\Roaming\pcleaner\cache\cleaner\0b99852d-1b74-4b56-bb19-20676e748f60_01_split_6#raw.json
2025-10-08 18:00:22,987 - DEBUG - 
2025-10-08 18:00:27,861 - DEBUG -  75%|#######5  | 6/8 [00:30<00:09,  4.98s/it]2025-10-08 18:00:27.861 | DEBUG    | pcleaner.ctd_interface:process_image:179 - Saving json file to C:\Users\abdoh\AppData\Roaming\pcleaner\cache\cleaner\18f5453c-6409-47fa-b545-66c01c03966c_01_split_7#raw.json
2025-10-08 18:00:27,868 - DEBUG - 
2025-10-08 18:00:32,675 - DEBUG -  88%|########7 | 7/8 [00:35<00:04,  4.95s/it]2025-10-08 18:00:32.675 | DEBUG    | pcleaner.ctd_interface:process_image:179 - Saving json file to C:\Users\abdoh\AppData\Roaming\pcleaner\cache\cleaner\8dd2425a-3587-4c52-977c-b10b74a6962b_01_split_8#raw.json
2025-10-08 18:00:32,681 - DEBUG - 
2025-10-08 18:00:32,681 - DEBUG - 100%|##########| 8/8 [00:40<00:00,  4.91s/it]
2025-10-08 18:00:32,681 - DEBUG - 100%|##########| 8/8 [00:40<00:00,  5.05s/it]
2025-10-08 18:00:32,783 - DEBUG - 
2025-10-08 18:00:32,783 - DEBUG - 
2025-10-08 18:00:32,783 - DEBUG - Running box data Preprocessor...
2025-10-08 18:00:32,885 - DEBUG - 2025-10-08 18:00:32.884 | ERROR    | pcleaner.ocr.ocr_tesseract:available_langs:32 - Error checking Tesseract available language data: tesseract is not installed or it's not in your PATH. See README file for more information.
2025-10-08 18:00:32,886 - DEBUG - 
2025-10-08 18:00:32,886 - DEBUG -   0%|          | 0/9 [00:00<?, ?it/s]2025-10-08 18:00:32.886 | DEBUG    | pcleaner.preprocessor:prep_json_file:124 - Processing json file: C:\Users\abdoh\AppData\Roaming\pcleaner\cache\cleaner\0b99852d-1b74-4b56-bb19-20676e748f60_01_split_6#raw.json
2025-10-08 18:00:32,910 - DEBUG - 2025-10-08 18:00:32.910 | DEBUG    | pcleaner.preprocessor:prep_json_file:124 - Processing json file: C:\Users\abdoh\AppData\Roaming\pcleaner\cache\cleaner\18f5453c-6409-47fa-b545-66c01c03966c_01_split_7#raw.json
2025-10-08 18:00:32,932 - DEBUG - 2025-10-08 18:00:32.931 | DEBUG    | pcleaner.preprocessor:prep_json_file:124 - Processing json file: C:\Users\abdoh\AppData\Roaming\pcleaner\cache\cleaner\3fb8eaf3-8636-4603-b6b6-1f1d2fa15cba_01_split_2#raw.json
2025-10-08 18:00:32,952 - DEBUG - 2025-10-08 18:00:32.952 | DEBUG    | pcleaner.preprocessor:prep_json_file:124 - Processing json file: C:\Users\abdoh\AppData\Roaming\pcleaner\cache\cleaner\76c50ebc-f660-4e44-bb7c-26eb34f4dd2e_01_split_4#raw.json
2025-10-08 18:00:32,974 - DEBUG - 2025-10-08 18:00:32.973 | DEBUG    | pcleaner.preprocessor:prep_json_file:124 - Processing json file: C:\Users\abdoh\AppData\Roaming\pcleaner\cache\cleaner\7a6b2dba-6568-4c91-be92-20f9f4e3747b_01_split_1#raw.json
2025-10-08 18:00:32,997 - DEBUG - 
2025-10-08 18:00:32,997 - DEBUG -  56%|#####5    | 5/9 [00:00<00:00, 45.15it/s]2025-10-08 18:00:32.997 | DEBUG    | pcleaner.preprocessor:prep_json_file:124 - Processing json file: C:\Users\abdoh\AppData\Roaming\pcleaner\cache\cleaner\8dd2425a-3587-4c52-977c-b10b74a6962b_01_split_8#raw.json
2025-10-08 18:00:33,021 - DEBUG - 2025-10-08 18:00:33.021 | DEBUG    | pcleaner.preprocessor:prep_json_file:124 - Processing json file: C:\Users\abdoh\AppData\Roaming\pcleaner\cache\cleaner\c5f0b5a5-5c55-4fa4-87fb-8648d79442c8_01_split_5#raw.json
2025-10-08 18:00:33,043 - DEBUG - 2025-10-08 18:00:33.042 | DEBUG    | pcleaner.preprocessor:prep_json_file:124 - Processing json file: C:\Users\abdoh\AppData\Roaming\pcleaner\cache\cleaner\d7e3b08c-a283-4d0b-ab23-3938688c3c5c_01_split_3#raw.json
2025-10-08 18:00:33,063 - DEBUG - 2025-10-08 18:00:33.063 | DEBUG    | pcleaner.preprocessor:prep_json_file:124 - Processing json file: C:\Users\abdoh\AppData\Roaming\pcleaner\cache\cleaner\splits.json
2025-10-08 18:00:33,063 - DEBUG - 
2025-10-08 18:00:33,064 - DEBUG - 100%|##########| 9/9 [00:00<00:00, 50.79it/s]
2025-10-08 18:00:33,066 - DEBUG - Traceback (most recent call last):
2025-10-08 18:00:33,067 - DEBUG -   File "<frozen runpy>", line 198, in _run_module_as_main
2025-10-08 18:00:33,067 - DEBUG -   File "<frozen runpy>", line 88, in _run_code
2025-10-08 18:00:33,068 - DEBUG -   File "C:\Users\abdoh\AppData\Local\Packages\PythonSoftwareFoundation.Python.3.13_qbz5n2kfra8p0\LocalCache\local-packages\Python313\Scripts\pcleaner.exe\__main__.py", line 6, in <module>
2025-10-08 18:00:33,068 - DEBUG -     sys.exit(main())
2025-10-08 18:00:33,068 - DEBUG -              ~~~~^^
2025-10-08 18:00:33,068 - DEBUG -   File "C:\Users\abdoh\AppData\Local\Packages\PythonSoftwareFoundation.Python.3.13_qbz5n2kfra8p0\LocalCache\local-packages\Python313\site-packages\pcleaner\main.py", line 297, in main
2025-10-08 18:00:33,068 - DEBUG -     raise e
2025-10-08 18:00:33,068 - DEBUG -   File "C:\Users\abdoh\AppData\Local\Packages\PythonSoftwareFoundation.Python.3.13_qbz5n2kfra8p0\LocalCache\local-packages\Python313\site-packages\pcleaner\main.py", line 273, in main
2025-10-08 18:00:33,068 - DEBUG -     run_cleaner(
2025-10-08 18:00:33,069 - DEBUG -     ~~~~~~~~~~~^
2025-10-08 18:00:33,069 - DEBUG -         image_paths=args.image_path,
2025-10-08 18:00:33,069 - DEBUG -         ^^^^^^^^^^^^^^^^^^^^^^^^^^^^
2025-10-08 18:00:33,069 - DEBUG -     ...<14 lines>...
2025-10-08 18:00:33,069 - DEBUG -         debug=args.debug,
2025-10-08 18:00:33,070 - DEBUG -         ^^^^^^^^^^^^^^^^^
2025-10-08 18:00:33,070 - DEBUG -     )
2025-10-08 18:00:33,070 - DEBUG -     ^
2025-10-08 18:00:33,070 - DEBUG -   File "C:\Users\abdoh\AppData\Local\Packages\PythonSoftwareFoundation.Python.3.13_qbz5n2kfra8p0\LocalCache\local-packages\Python313\site-packages\pcleaner\main.py", line 498, in run_cleaner
2025-10-08 18:00:33,070 - DEBUG -     print(
2025-10-08 18:00:33,070 - DEBUG -     ~~~~~^
2025-10-08 18:00:33,071 - DEBUG -         an.show_ocr_analytics(
2025-10-08 18:00:33,071 - DEBUG -         ^^^^^^^^^^^^^^^^^^^^^^
2025-10-08 18:00:33,071 - DEBUG -             ocr_analytics, profile.preprocessor.ocr_max_size, an.terminal_width()
2025-10-08 18:00:33,071 - DEBUG -             ^^^^^^^^^^^^^^^^^^^^^^^^^^^^^^^^^^^^^^^^^^^^^^^^^^^^^^^^^^^^^^^^^^^^^
2025-10-08 18:00:33,071 - DEBUG -         )
2025-10-08 18:00:33,071 - DEBUG -         ^
2025-10-08 18:00:33,071 - DEBUG -     )
2025-10-08 18:00:33,071 - DEBUG -     ^
2025-10-08 18:00:33,072 - DEBUG -   File "C:\Program Files\WindowsApps\PythonSoftwareFoundation.Python.3.13_3.13.2032.0_x64__qbz5n2kfra8p0\Lib\encodings\cp1252.py", line 19, in encode
2025-10-08 18:00:33,072 - DEBUG -     return codecs.charmap_encode(input,self.errors,encoding_table)[0]
2025-10-08 18:00:33,072 - DEBUG -            ~~~~~~~~~~~~~~~~~~~~~^^^^^^^^^^^^^^^^^^^^^^^^^^^^^^^^^^
2025-10-08 18:00:33,072 - DEBUG - UnicodeEncodeError: 'charmap' codec can't encode characters in position 17-29: character maps to <undefined>
2025-10-08 18:00:33,850 - INFO - Return code for C:\Users\abdoh\Downloads\10_rezo_reborn - Copy\01.jpg: 1
2025-10-08 18:00:33,851 - ERROR - pcleaner failed for C:\Users\abdoh\Downloads\10_rezo_reborn - Copy\01.jpg with code 1
2025-10-08 18:00:33,851 - INFO - Attempt to run Photoshop batch (if exists)
2025-10-08 18:00:33,852 - WARNING - Batch file not found: C:\Users\abdoh\Downloads\testScript\python\batch\watch_clean.bat
2025-10-08 18:00:33,853 - INFO - Final checks
